c:\usr\koei\tenshouki95\dllwrap\unitysharedmod\unitysharedmod\release\vc120.pdb
c:\usr\koei\tenshouki95\dllwrap\unitysharedmod\unitysharedmod\release\sharedmemory.obj
c:\usr\koei\tenshouki95\dllwrap\unitysharedmod\unitysharedmod\release\processhandle.obj
c:\usr\koei\tenshouki95\dllwrap\unitysharedmod\unitysharedmod\release\mutex.obj
c:\usr\koei\tenshouki95\dllwrap\unitysharedmod\unitysharedmod\release\dllmain.obj
c:\usr\koei\tenshouki95\dllwrap\unitysharedmod\unitysharedmod\release\callbyunity.obj
c:\usr\koei\tenshouki95\dllwrap\unitysharedmod\unitysharedmod\release\callbypluginmod.obj
c:\usr\koei\tenshouki95\dllwrap\unitysharedmod\release\unitysharedmod.dll
c:\usr\koei\tenshouki95\dllwrap\unitysharedmod\unitysharedmod\release\unitysharedmod.res
c:\usr\koei\tenshouki95\dllwrap\unitysharedmod\release\unitysharedmod.lib
c:\usr\koei\tenshouki95\dllwrap\unitysharedmod\release\unitysharedmod.exp
c:\usr\koei\tenshouki95\dllwrap\unitysharedmod\unitysharedmod\release\unitysharedmod.vcxprojresolveassemblyreference.cache
c:\usr\koei\tenshouki95\dllwrap\unitysharedmod\unitysharedmod\release\unitysharedmod.tlog\cl.command.1.tlog
c:\usr\koei\tenshouki95\dllwrap\unitysharedmod\unitysharedmod\release\unitysharedmod.tlog\cl.read.1.tlog
c:\usr\koei\tenshouki95\dllwrap\unitysharedmod\unitysharedmod\release\unitysharedmod.tlog\cl.write.1.tlog
c:\usr\koei\tenshouki95\dllwrap\unitysharedmod\unitysharedmod\release\unitysharedmod.tlog\link.command.1.tlog
c:\usr\koei\tenshouki95\dllwrap\unitysharedmod\unitysharedmod\release\unitysharedmod.tlog\link.read.1.tlog
c:\usr\koei\tenshouki95\dllwrap\unitysharedmod\unitysharedmod\release\unitysharedmod.tlog\link.write.1.tlog
c:\usr\koei\tenshouki95\dllwrap\unitysharedmod\unitysharedmod\release\unitysharedmod.tlog\metagen.read.1.tlog
c:\usr\koei\tenshouki95\dllwrap\unitysharedmod\unitysharedmod\release\unitysharedmod.tlog\metagen.write.1.tlog
c:\usr\koei\tenshouki95\dllwrap\unitysharedmod\unitysharedmod\release\unitysharedmod.tlog\rc.command.1.tlog
c:\usr\koei\tenshouki95\dllwrap\unitysharedmod\unitysharedmod\release\unitysharedmod.tlog\rc.read.1.tlog
c:\usr\koei\tenshouki95\dllwrap\unitysharedmod\unitysharedmod\release\unitysharedmod.tlog\rc.write.1.tlog
c:\usr\koei\tenshouki95\dllwrap\unitysharedmod\unitysharedmod\release\unitysharedmod.tlog\unitysharedmod.write.1u.tlog
